<?xml version="1.0" encoding="UTF-8"?>
<testng-results total="2" passed="2" failed="0" skipped="0">
  <reporter-output>
  </reporter-output>
  <suite started-at="2019-03-25T23:20:55Z" name="Default suite" finished-at="2019-03-25T23:21:15Z" duration-ms="19087">
    <groups>
    </groups>
    <test started-at="2019-03-25T23:20:55Z" name="Default test" finished-at="2019-03-25T23:21:15Z" duration-ms="19087">
      <class name="academy.SanityTest">
        <test-method is-config="true" signature="initilize()[pri:0, instance:academy.SanityTest@28ec166e]" started-at="2019-03-25T19:20:56Z" name="initilize" finished-at="2019-03-25T19:21:06Z" duration-ms="10851" status="PASS">
          <reporter-output>
          </reporter-output>
        </test-method> <!-- initilize -->
        <test-method signature="navigateHomePage()[pri:0, instance:academy.SanityTest@28ec166e]" started-at="2019-03-25T19:21:06Z" name="navigateHomePage" finished-at="2019-03-25T19:21:12Z" duration-ms="5480" status="PASS">
          <reporter-output>
          </reporter-output>
        </test-method> <!-- navigateHomePage -->
        <test-method signature="storeData()[pri:0, instance:academy.SanityTest@28ec166e]" started-at="2019-03-25T19:21:12Z" name="storeData" finished-at="2019-03-25T19:21:12Z" duration-ms="15" status="PASS">
          <reporter-output>
          </reporter-output>
        </test-method> <!-- storeData -->
        <test-method is-config="true" signature="closeBroser()[pri:0, instance:academy.SanityTest@28ec166e]" started-at="2019-03-25T19:21:12Z" name="closeBroser" finished-at="2019-03-25T19:21:15Z" duration-ms="2720" status="PASS">
          <reporter-output>
          </reporter-output>
        </test-method> <!-- closeBroser -->
      </class> <!-- academy.SanityTest -->
    </test> <!-- Default test -->
  </suite> <!-- Default suite -->
</testng-results>
