<?xml version="1.0" encoding="UTF-8"?>
<testng-results skipped="0" failed="0" total="2" passed="2">
  <reporter-output>
  </reporter-output>
  <suite name="Default suite" duration-ms="15526" started-at="2019-03-25T23:17:05Z" finished-at="2019-03-25T23:17:21Z">
    <groups>
    </groups>
    <test name="Default test" duration-ms="15526" started-at="2019-03-25T23:17:05Z" finished-at="2019-03-25T23:17:21Z">
      <class name="academy.SanityTest">
        <test-method status="PASS" signature="initilize()[pri:0, instance:academy.SanityTest@20d28811]" name="initilize" is-config="true" duration-ms="10589" started-at="2019-03-25T19:17:05Z" finished-at="2019-03-25T19:17:16Z">
          <reporter-output>
          </reporter-output>
        </test-method> <!-- initilize -->
        <test-method status="PASS" signature="navigateHomePage()[pri:0, instance:academy.SanityTest@20d28811]" name="navigateHomePage" duration-ms="4263" started-at="2019-03-25T19:17:16Z" finished-at="2019-03-25T19:17:20Z">
          <reporter-output>
          </reporter-output>
        </test-method> <!-- navigateHomePage -->
        <test-method status="PASS" signature="storeData()[pri:0, instance:academy.SanityTest@20d28811]" name="storeData" duration-ms="6" started-at="2019-03-25T19:17:20Z" finished-at="2019-03-25T19:17:20Z">
          <reporter-output>
          </reporter-output>
        </test-method> <!-- storeData -->
        <test-method status="PASS" signature="closeBroser()[pri:0, instance:academy.SanityTest@20d28811]" name="closeBroser" is-config="true" duration-ms="651" started-at="2019-03-25T19:17:20Z" finished-at="2019-03-25T19:17:21Z">
          <reporter-output>
          </reporter-output>
        </test-method> <!-- closeBroser -->
      </class> <!-- academy.SanityTest -->
    </test> <!-- Default test -->
  </suite> <!-- Default suite -->
</testng-results>
